\BOOKMARK [1][-]{section.1}{\376\377\000G\000r\000u\000n\000d\000l\000a\000g\000e\000n}{}% 1
\BOOKMARK [2][-]{subsection.1.1}{}{section.1}% 2
\BOOKMARK [2][-]{subsection.1.2}{\376\377\000E\000i\000g\000e\000n\000s\000c\000h\000a\000f\000t\000e\000n\000\040\000v\000o\000n\000\040\000E\000r\000e\000i\000g\000n\000i\000s\000s\000e\000n}{section.1}% 3
\BOOKMARK [2][-]{subsection.1.3}{\376\377\000E\000i\000g\000e\000n\000s\000c\000h\000a\000f\000t\000e\000n\000\040\000v\000o\000n\000\040\000W\000a\000h\000r\000s\000c\000h\000e\000i\000n\000l\000i\000c\000h\000k\000e\000i\000t\000s\000m\000a\000s\000s\000e\000n}{section.1}% 4
\BOOKMARK [2][-]{subsection.1.4}{\376\377\000B\000e\000d\000i\000n\000g\000t\000e\000\040\000W\000a\000h\000r\000s\000c\000h\000e\000i\000n\000l\000i\000c\000h\000k\000e\000i\000t}{section.1}% 5
\BOOKMARK [2][-]{subsection.1.5}{\376\377\000U\000n\000a\000b\000h\000\344\000n\000g\000i\000g\000k\000e\000i\000t}{section.1}% 6
\BOOKMARK [1][-]{section.2}{\376\377\000Z\000u\000f\000a\000l\000l\000s\000v\000a\000r\000i\000a\000b\000l\000e\000n\000\040\000u\000n\000d\000\040\000V\000e\000r\000t\000e\000i\000l\000u\000n\000g\000s\000f\000u\000n\000k\000t\000i\000o\000n\000e\000n}{}% 7
\BOOKMARK [2][-]{subsection.2.1}{\376\377\000A\000b\000s\000t\000r\000a\000k\000t\000e\000\040\000D\000e\000f\000i\000n\000i\000t\000i\000o\000n\000\040}{section.2}% 8
\BOOKMARK [2][-]{subsection.2.2}{\376\377\000V\000e\000r\000t\000e\000i\000l\000u\000n\000g\000s\000f\000u\000n\000k\000t\000i\000o\000n}{section.2}% 9
\BOOKMARK [2][-]{subsection.2.3}{\376\377\000U\000n\000a\000b\000h\000\344\000n\000g\000i\000g\000k\000e\000i\000t\000\040\000v\000o\000n\000\040\000Z\000u\000f\000a\000l\000l\000s\000v\000a\000r\000i\000a\000b\000l\000e\000n}{section.2}% 10
\BOOKMARK [2][-]{subsection.2.4}{\376\377\000K\000o\000n\000s\000t\000r\000u\000k\000t\000i\000o\000n\000\040\000v\000o\000n\000\040\000Z\000u\000f\000a\000l\000l\000s\000v\000a\000r\000i\000a\000b\000l\000e\000n}{section.2}% 11
\BOOKMARK [1][-]{section.3}{\376\377\000D\000i\000s\000k\000r\000e\000t\000e\000\040\000u\000n\000d\000\040\000s\000t\000e\000t\000i\000g\000e\000\040\000V\000a\000r\000i\000a\000b\000l\000e\000n}{}% 12
\BOOKMARK [2][-]{subsection.3.1}{\376\377\000U\000n\000s\000t\000e\000t\000i\000g\000k\000e\000i\000t\000/\000S\000t\000e\000t\000i\000g\000k\000e\000i\000t\000\040\000d\000e\000r\000\040\000V\000e\000r\000t\000e\000i\000l\000u\000n\000g\000s\000f\000u\000n\000k\000t\000i\000o\000n\000\040\000F}{section.3}% 13
\BOOKMARK [2][-]{subsection.3.2}{\376\377\000F\000a\000s\000t\000\040\000s\000i\000c\000h\000e\000r\000e\000\040\000E\000r\000e\000i\000g\000n\000i\000s\000s\000e}{section.3}% 14
\BOOKMARK [2][-]{subsection.3.3}{\376\377\000D\000i\000s\000k\000r\000e\000t\000e\000\040\000Z\000u\000f\000a\000l\000l\000s\000v\000a\000r\000i\000a\000b\000l\000e\000n}{section.3}% 15
\BOOKMARK [2][-]{subsection.3.4}{\376\377\000B\000e\000i\000s\000p\000i\000e\000l\000e\000\040\000d\000i\000s\000k\000r\000e\000t\000e\000r\000\040\000Z\000u\000f\000a\000l\000l\000s\000v\000a\000r\000i\000a\000b\000l\000e\000n}{section.3}% 16
\BOOKMARK [2][-]{subsection.3.5}{\376\377\000S\000t\000e\000t\000i\000g\000e\000\040\000V\000e\000r\000t\000e\000i\000l\000u\000n\000g\000e\000n}{section.3}% 17
\BOOKMARK [2][-]{subsection.3.6}{\376\377\000B\000e\000i\000s\000p\000i\000e\000l\000e\000\040\000s\000t\000e\000t\000i\000g\000e\000r\000\040\000Z\000u\000f\000a\000l\000l\000s\000v\000a\000r\000i\000a\000b\000l\000e\000n}{section.3}% 18
\BOOKMARK [1][-]{section.4}{\376\377\000D\000e\000r\000\040\000E\000r\000w\000a\000r\000t\000u\000n\000g\000s\000w\000e\000r\000t}{}% 19
\BOOKMARK [2][-]{subsection.4.1}{\376\377\000D\000e\000r\000\040\000a\000l\000l\000g\000e\000m\000e\000i\000n\000e\000\040\000E\000r\000w\000a\000r\000t\000u\000n\000g\000s\000w\000e\000r\000t}{section.4}% 20
\BOOKMARK [2][-]{subsection.4.2}{\376\377\000E\000r\000w\000a\000r\000t\000u\000n\000g\000s\000w\000e\000r\000t\000\040\000e\000i\000n\000e\000r\000\040\000d\000i\000s\000k\000r\000e\000t\000e\000n\000\040\000Z\000u\000f\000a\000l\000l\000s\000v\000a\000r\000i\000a\000b\000l\000e}{section.4}% 21
\BOOKMARK [2][-]{subsection.4.3}{\376\377\000E\000r\000w\000a\000r\000t\000u\000n\000g\000s\000w\000e\000r\000t\000\040\000s\000t\000e\000t\000i\000g\000e\000r\000\040\000Z\000u\000f\000a\000l\000l\000s\000v\000a\000r\000i\000a\000b\000l\000e\000n}{section.4}% 22
\BOOKMARK [2][-]{subsection.4.4}{\376\377\000R\000e\000c\000h\000n\000e\000n\000\040\000m\000i\000t\000\040\000Z\000u\000f\000a\000l\000l\000s\000v\000a\000r\000i\000a\000b\000l\000e\000n}{section.4}% 23
\BOOKMARK [2][-]{subsection.4.5}{\376\377\000E\000x\000t\000r\000e\000m\000w\000e\000r\000t\000\040\000F\000o\000r\000m\000e\000l}{section.4}% 24
\BOOKMARK [2][-]{subsection.4.6}{\376\377\000C\000h\000a\000r\000a\000k\000t\000e\000r\000i\000s\000i\000e\000r\000u\000n\000g\000\040\000d\000e\000r\000\040\000E\000i\000g\000e\000n\000s\000c\000h\000a\000f\000t\000e\000n\000\040\000v\000o\000n\000\040\000Z\000.\000V}{section.4}% 25
\BOOKMARK [2][-]{subsection.4.7}{\376\377\000U\000n\000g\000l\000e\000i\000c\000h\000u\000n\000g\000e\000n}{section.4}% 26
\BOOKMARK [2][-]{subsection.4.8}{\376\377\000V\000a\000r\000i\000a\000n\000z}{section.4}% 27
\BOOKMARK [2][-]{subsection.4.9}{\376\377\000K\000o\000v\000a\000r\000i\000a\000n\000z}{section.4}% 28
\BOOKMARK [1][-]{section.5}{\376\377\000G\000e\000m\000e\000i\000n\000s\000a\000m\000e\000\040\000V\000e\000r\000t\000e\000i\000l\000u\000n\000g}{}% 29
\BOOKMARK [2][-]{subsection.5.1}{\376\377\000D\000i\000s\000k\000r\000e\000t\000e\000\040\000g\000e\000m\000e\000i\000n\000s\000a\000m\000e\000\040\000V\000e\000r\000t\000e\000i\000l\000u\000n\000g\000e\000n}{section.5}% 30
\BOOKMARK [2][-]{subsection.5.2}{\376\377\000V\000e\000r\000t\000e\000i\000l\000u\000n\000g\000\040\000d\000e\000s\000\040\000B\000i\000l\000d\000e\000s}{section.5}% 31
\BOOKMARK [2][-]{subsection.5.3}{\376\377\000R\000a\000n\000d\000v\000e\000r\000t\000e\000i\000l\000u\000n\000g}{section.5}% 32
\BOOKMARK [2][-]{subsection.5.4}{\376\377\000E\000r\000w\000a\000r\000t\000u\000n\000g\000s\000w\000e\000r\000t\000\040\000d\000e\000s\000\040\000B\000i\000l\000d\000e\000s}{section.5}% 33
\BOOKMARK [2][-]{subsection.5.5}{\376\377\000U\000n\000a\000b\000h\000\344\000n\000g\000i\000g\000k\000e\000i\000t}{section.5}% 34
\BOOKMARK [2][-]{subsection.5.6}{\376\377\000S\000t\000e\000t\000i\000g\000e\000\040\000G\000e\000m\000e\000i\000n\000s\000a\000m\000e\000\040\000V\000e\000r\000t\000e\000i\000l\000u\000n\000g}{section.5}% 35
\BOOKMARK [2][-]{subsection.5.7}{\376\377\000E\000r\000w\000a\000r\000t\000u\000n\000g\000s\000w\000e\000r\000r\000t\000\040\000u\000n\000d\000e\000r\000\040\000A\000b\000b\000i\000l\000d\000u\000n\000g\000e\000n}{section.5}% 36
\BOOKMARK [2][-]{subsection.5.8}{\376\377\000U\000n\000a\000b\000h\000\344\000n\000g\000i\000g\000k\000e\000i\000t\000\040\000s\000t\000e\000t\000i\000g\000e\000r\000\040\000Z\000u\000f\000a\000l\000l\000s\000v\000a\000r\000i\000a\000b\000l\000e\000n}{section.5}% 37
\BOOKMARK [1][-]{section.6}{\376\377\000A\000s\000y\000m\000p\000t\000h\000o\000t\000i\000s\000c\000h\000e\000\040\000R\000e\000s\000u\000l\000t\000a\000t\000e}{}% 38
